<?xml version="1.0" encoding="UTF-8"?>
<!-- Generated by org.testng.reporters.JUnitXMLReporter -->
<testsuite ignored="2" hostname="AHLPT2208063-N" failures="0" tests="15" name="Test" time="5.013" errors="0" timestamp="2025-09-15T19:10:47 IST">
  <testcase classname="base.Base_Class" name="@BeforeTest Launch_Browser" time="4.024">
    <failure type="java.io.FileNotFoundException" message="D:\Backup\Projects\rhb.comsrc\test\resources\Utilites\Test_Data.properties (The system cannot find the path specified)">
      <![CDATA[java.io.FileNotFoundException: D:\Backup\Projects\rhb.comsrc\test\resources\Utilites\Test_Data.properties (The system cannot find the path specified)
at java.base/java.io.FileInputStream.open0(Native Method)
at java.base/java.io.FileInputStream.open(FileInputStream.java:216)
at java.base/java.io.FileInputStream.<init>(FileInputStream.java:157)
at java.base/java.io.FileInputStream.<init>(FileInputStream.java:111)
at base.Base_Class.Launch_Browser(Base_Class.java:36)
... Removed 24 stack frames]]>
    </failure>
  </testcase> <!-- @BeforeTest Launch_Browser -->
  <testcase classname="test_case.Access_permissions" name="@BeforeClass Access_Permissions_Setup" time="0.0">
    <skipped/>
  </testcase> <!-- @BeforeClass Access_Permissions_Setup -->
  <testcase classname="test_case.Login" name="Login_Data" time="0.001">
    <skipped/>
  </testcase> <!-- Login_Data -->
  <testcase classname="test_case.Login_Test_Data" name="logoutMainUser" time="0.0">
    <skipped/>
  </testcase> <!-- logoutMainUser -->
  <testcase classname="test_case.Login_Test_Data" name="Login_Test" time="0.0">
    <skipped/>
  </testcase> <!-- Login_Test -->
  <testcase classname="test_case.Login_Test_Data" name="Login_Test" time="0.0">
    <skipped/>
  </testcase> <!-- Login_Test -->
  <testcase classname="test_case.Login_Test_Data" name="Login_Test" time="0.0">
    <skipped/>
  </testcase> <!-- Login_Test -->
  <testcase classname="test_case.Login_Test_Data" name="Login_Test" time="0.0">
    <skipped/>
  </testcase> <!-- Login_Test -->
  <testcase classname="test_case.Login_Test_Data" name="Block_User" time="0.0">
    <skipped/>
  </testcase> <!-- Block_User -->
  <testcase classname="test_case.Login_Test_Data" name="Block_User" time="0.0">
    <skipped/>
  </testcase> <!-- Block_User -->
  <testcase classname="test_case.Login_Test_Data" name="Block_User" time="0.0">
    <skipped/>
  </testcase> <!-- Block_User -->
  <testcase classname="test_case.Login_Test_Data" name="Block_User" time="0.0">
    <skipped/>
  </testcase> <!-- Block_User -->
  <testcase classname="test_case.Login_Test_Data" name="Block_User" time="0.0">
    <skipped/>
  </testcase> <!-- Block_User -->
  <testcase classname="test_case.Login_Test_Data" name="Block_User" time="0.001">
    <skipped/>
  </testcase> <!-- Block_User -->
  <testcase classname="test_case.Login_Test_Data" name="MainUserLogin" time="0.0">
    <skipped/>
  </testcase> <!-- MainUserLogin -->
  <testcase classname="test_case.Access_permissions" name="Add_Group" time="0.0">
    <skipped/>
  </testcase> <!-- Add_Group -->
  <testcase classname="test_case.Access_permissions" name="Add_Role" time="0.0">
    <skipped/>
  </testcase> <!-- Add_Role -->
  <testcase classname="base.Base_Class" name="@BeforeTest Launch_Browser" time="0.0">
    <ignored/>
  </testcase> <!-- @BeforeTest Launch_Browser -->
  <testcase classname="base.Base_Class" name="@BeforeTest Launch_Browser" time="0.0">
    <ignored/>
  </testcase> <!-- @BeforeTest Launch_Browser -->
</testsuite> <!-- Test -->
