<?xml version="1.0" encoding="ISO-8859-1" ?>
<!DOCTYPE html PUBLIC "-//W3C//DTD XHTML 1.0 Strict//EN"
"http://www.w3.org/TR/xhtml1/DTD/xhtml1-strict.dtd">
<html xmlns="http://www.w3.org/1999/xhtml" xml:lang="en" lang="en">
<head>
  <meta http-equiv="Content-Type" content="text/html;charset=utf-8" />
  <meta name="description" content="TestNG unit test results." />
  <link href="css/bootstrap.min.css" rel="stylesheet" />
  <link href="css/reportngClass.css" rel="stylesheet" />
  <script type="text/javascript" src="js/reportngClass.js"></script>
  <script type="text/javascript" src="js/jquery-1.4.4.min.js"></script> 
  <script type="text/javascript" src="js/jquery.tablesorter.min.js"></script>
  <script type="text/javascript" src="js/json-min.js"></script>
  <script type="text/javascript">
	$(document).ready(function(){
		$('.tablesorter').tablesorter({sortList: [[0,0]]});
	});
  </script>
</head>
<body onload="doParse(); return false;" onkeypress="collapseExpand();">
<div class="well well-large">
	<b>Test Info</>
	<table class="table">
	  <tr>
	    <th>Test Name : </th>
	    <th>
	    	<div class="tooltipCustom">
	    		<img src="images/copy.png" width="10" height="15" alt="Copy to Clipboard" onclick="copyToClipboard('#testNameId')"/>
	    		<span class="tooltiptextCustom">Copy Test name</span>
			</div>
	    </th>
	    <th id="testNameId">Test</th> 
	  </tr>
	  <tr>
	    <th>Test Class : </th>
	    <th>
	    	<div class="tooltipCustom">
	    		<img src="images/copy.png" width="10" height="15" alt="Copy to Clipboard" onclick="copyToClipboard('#testClassId')"/>
	    		<span class="tooltiptextCustom">Copy full path Class name</span>
			</div>
	    	<div class="tooltipCustom">
	    		<img src="images/copy.png" width="10" height="15" alt="Copy to Clipboard" onclick="copyToClipboard('#testClassNameId')"/>
	    		<span class="tooltiptextCustom">Copy Class name</span>
			</div>
	    </th> 
	    <th id="testClassId">test_case.Login<br>test_case.Login_Test_Data<br>test_case.Access_permissions<br></th>
	    <th id="testClassNameId" hidden="true">Login<br>Login_Test_Data<br>Access_permissions<br></th>
	  </tr>
	  <tr>
	    <th>Suite Name : </th>
	    <th>
	    	<div class="tooltipCustom">
	    		<img src="images/copy.png" width="10" height="15" alt="Copy to Clipboard" onclick="copyToClipboard('#suiteNameId')"/>
	    		<span class="tooltiptextCustom">Copy Suite name</span>
			</div>
		</th>
	    <th id="suiteNameId">Suite</th>
	  </tr>
	  <tr>
	    <th>Suite XML : </th>
	    <th>
	    	<div class="tooltipCustom">
	    		<img src="images/copy.png" width="10" height="15" alt="Copy to Clipboard" onclick="copyToClipboard('#suiteXMLId')"/>
	    		<span class="tooltiptextCustom">Copy Suite full path name</span>
			</div>
	    	<div class="tooltipCustom">
	    		<img src="images/copy.png" width="10" height="15" alt="Copy to Clipboard" onclick="copyToClipboard('#suiteXMLNameId')"/>
	    		<span class="tooltiptextCustom">Copy Suite file name</span>
			</div>
	    </th> 
	  	<th id="suiteXMLId">D:\Backup\Projects\rhb.com\testng.xml</th>
	  	<th id="suiteXMLNameId" hidden="true">testng.xml</th>
	  </tr>
	  	  <tr>
	    <th>Total Time : </th>
	    <th></th>
	    <th>00:00:05</th> 
	  </tr>
	  <tr>
	    <th>Total Steps : </th>
	   	<th></th>
	    <th>7</th> 
	  </tr>
	  <tr>
	    <th>Status : </th>
	    <th></th>
	    <th><font color="yellow">SKIP</font></th> 
	  </tr>
	</table>
</div>
<div class="well well-large">
	<div class="row">
		<div class="col-xs-12">
	        <div class="text-right">
	            <button id="hideResults" type="button" class="btn-danger" onclick="collapseExpand(this);" onkeypress="collapseExpand(this);" class="btn pull-right" title="Click or Press Any key to collapse/expand All Failed Tests and Configuration Methods">Show Only Failures</button>
	        </div>
	    </div>
	</div>
	<table class="tablesorter" border="1">
		<thead>
		<tr>
		<th class="headerTime">Time</th>
		<th class="headerTime" width="12%">Info</th>
		<th class="headerTime" width="88%">Test</th>
		</tr>
		</thead>
		<tbody>
		
									<tr>
		<td class="time">1757943642534</td>
		<td class="header failedConfig" colspan="4" onClick="toggleElement('db881c7a-47c4-4aac-8cc2-63267aaa9bea','block');changeSingleIcon('span-db881c7a-47c4-4aac-8cc2-63267aaa9bea');" title="Click to expand/collapse" style="cursor: pointer;">
		<div style="float:left;"><i>Class&nbsp;:&nbsp;</i>test_case.Login</div>
		<div style="float:right;">@BeforeTest &nbsp;&nbsp;<span id='span-db881c7a-47c4-4aac-8cc2-63267aaa9bea' class="glyphicon glyphicon-menu-down"></span></div>
		</td>
	</tr>
			<tr>
		<td class="time">1757943642534</td>
		<td class="methodConfiguration">
				<span class="description"><b>Class: </b>class base.Base_Class</span><br>
		<span class="description"><b>Method: </b>Launch_Browser</span><br>
				<span class="duration"><b>Duration: </b>4.024s</span><br>
		</td>
		<td class="resultConfiguration">
										<div class="stackTrace" id="db881c7a-47c4-4aac-8cc2-63267aaa9bea">
								<a href="javascript:toggleElement('exception-db881c7a-47c4-4aac-8cc2-63267aaa9bea','block')" title="Click to expand/collapse"><b>java.io.FileNotFoundException: D:\Backup\Projects\rhb.comsrc\test\resources\Utilites\Test_Data.properties (The system cannot find the path specified)</b></a><br>
		    <div class="stackTrace" id="exception-db881c7a-47c4-4aac-8cc2-63267aaa9bea">
							java.base/java.io.FileInputStream.open0(Native Method)<br>
							java.base/java.io.FileInputStream.open(FileInputStream.java:216)<br>
							java.base/java.io.FileInputStream.&lt;init&gt;(FileInputStream.java:157)<br>
							java.base/java.io.FileInputStream.&lt;init&gt;(FileInputStream.java:111)<br>
							base.Base_Class.Launch_Browser(Base_Class.java:36)<br>
							java.base/jdk.internal.reflect.NativeMethodAccessorImpl.invoke0(Native Method)<br>
							java.base/jdk.internal.reflect.NativeMethodAccessorImpl.invoke(NativeMethodAccessorImpl.java:77)<br>
							java.base/jdk.internal.reflect.DelegatingMethodAccessorImpl.invoke(DelegatingMethodAccessorImpl.java:43)<br>
							java.base/java.lang.reflect.Method.invoke(Method.java:568)<br>
							org.testng.internal.invokers.MethodInvocationHelper.invokeMethod(MethodInvocationHelper.java:141)<br>
							org.testng.internal.invokers.MethodInvocationHelper.invokeMethodConsideringTimeout(MethodInvocationHelper.java:71)<br>
							org.testng.internal.invokers.ConfigInvoker.invokeConfigurationMethod(ConfigInvoker.java:400)<br>
							org.testng.internal.invokers.ConfigInvoker.invokeConfigurations(ConfigInvoker.java:333)<br>
							org.testng.TestRunner.invokeTestConfigurations(TestRunner.java:655)<br>
							org.testng.TestRunner.beforeRun(TestRunner.java:644)<br>
							org.testng.TestRunner.run(TestRunner.java:610)<br>
							org.testng.SuiteRunner.runTest(SuiteRunner.java:421)<br>
							org.testng.SuiteRunner.runSequentially(SuiteRunner.java:413)<br>
							org.testng.SuiteRunner.privateRun(SuiteRunner.java:373)<br>
							org.testng.SuiteRunner.run(SuiteRunner.java:312)<br>
							org.testng.SuiteRunnerWorker.runSuite(SuiteRunnerWorker.java:52)<br>
							org.testng.SuiteRunnerWorker.run(SuiteRunnerWorker.java:95)<br>
							org.testng.TestNG.runSuitesSequentially(TestNG.java:1274)<br>
							org.testng.TestNG.runSuitesLocally(TestNG.java:1208)<br>
							org.testng.TestNG.runSuites(TestNG.java:1112)<br>
							org.testng.TestNG.run(TestNG.java:1079)<br>
							org.testng.remote.AbstractRemoteTestNG.run(AbstractRemoteTestNG.java:115)<br>
							org.testng.remote.RemoteTestNG.initAndRun(RemoteTestNG.java:293)<br>
							org.testng.remote.RemoteTestNG.main(RemoteTestNG.java:91)<br>
									</div>
				</div>
		</td>
	</tr>
						
					    				<tr>
		<td class="time">1757943647527</td>
		<td class="header skippedConfig" colspan="4" onClick="toggleElement('620024ae-5f19-42d2-9563-383e57bc605c','block');changeSingleIcon('span-620024ae-5f19-42d2-9563-383e57bc605c');" title="Click to expand/collapse">
		<div style="float:left;"><i>Class&nbsp;:&nbsp;</i>test_case.Access_permissions</div>
		<div style="float:right;">@BeforeClass &nbsp;&nbsp;<span id='span-620024ae-5f19-42d2-9563-383e57bc605c' class="glyphicon glyphicon-menu-down"></span></div>
		</td>
	</tr>
		<tr>
		<td class="time">1757943647527</td>
		<td class="methodConfiguration">
				<span class="description"><b>Class: </b>class test_case.Access_permissions</span><br>
		<span class="description"><b>Method: </b>Access_Permissions_Setup</span><br>
				<span class="duration"><b>Duration: </b>0.000s</span><br>
		</td>
		<td class="resultConfiguration">
				 														<div class="stackTrace" id="620024ae-5f19-42d2-9563-383e57bc605c">
							</div>
		</td>
	</tr>
	    	    		
				
				
											<tr>
	<td class="time">1757943647534</td>
	<td class="header skipped" colspan="4" onClick="toggleElement('10e25f4d-1bb2-430b-ba3d-19b9397eec2a','block');changeSingleIcon('span-10e25f4d-1bb2-430b-ba3d-19b9397eec2a');" title="Click to expand/collapse" style="cursor: pointer;">
	<div style="float:left;"><i>Class&nbsp;:&nbsp;</i>test_case.Access_permissions</div>
	<div style="float:right;">@Test @ with DataProvider : [""] &nbsp;&nbsp;<span id='span-10e25f4d-1bb2-430b-ba3d-19b9397eec2a' class="glyphicon glyphicon-menu-down"></span></div>
	</td>
	</tr>
<tr>
	<td class="time">1757943647534</td>
	<td class="methodTest">
		<span class="description"><b>Method: </b>Add_Role</span><br>
			<span class="description"><b>Description: </b></span><br>
				<span class="description"><b>Priority: </b><font color='blue'>2</font></span><br>
						<span class="duration"><b>Duration: </b>0.000s</span><br>
	</td>
	<td class="result">
		 									<div class="stackTrace" id="10e25f4d-1bb2-430b-ba3d-19b9397eec2a" style="display: block;">
												==============================================================================================<br>
												Total Passed: 0(+0), Failures: 0(+0), Skips: 15(+15)<br>
												==============================================================================================<br>
									<a href="javascript:toggleElement('exception-10e25f4d-1bb2-430b-ba3d-19b9397eec2a','block')" title="Click to expand/collapse"><b>java.io.FileNotFoundException: D:\Backup\Projects\rhb.comsrc\test\resources\Utilites\Test_Data.properties (The system cannot find the path specified)</b></a><br/>
		<div class="stackTrace" id="exception-10e25f4d-1bb2-430b-ba3d-19b9397eec2a">
					java.base/java.io.FileInputStream.open0(Native Method)<br/>
					java.base/java.io.FileInputStream.open(FileInputStream.java:216)<br/>
					java.base/java.io.FileInputStream.&lt;init&gt;(FileInputStream.java:157)<br/>
					java.base/java.io.FileInputStream.&lt;init&gt;(FileInputStream.java:111)<br/>
					base.Base_Class.Launch_Browser(Base_Class.java:36)<br/>
					java.base/jdk.internal.reflect.NativeMethodAccessorImpl.invoke0(Native Method)<br/>
					java.base/jdk.internal.reflect.NativeMethodAccessorImpl.invoke(NativeMethodAccessorImpl.java:77)<br/>
					java.base/jdk.internal.reflect.DelegatingMethodAccessorImpl.invoke(DelegatingMethodAccessorImpl.java:43)<br/>
					java.base/java.lang.reflect.Method.invoke(Method.java:568)<br/>
					org.testng.internal.invokers.MethodInvocationHelper.invokeMethod(MethodInvocationHelper.java:141)<br/>
					org.testng.internal.invokers.MethodInvocationHelper.invokeMethodConsideringTimeout(MethodInvocationHelper.java:71)<br/>
					org.testng.internal.invokers.ConfigInvoker.invokeConfigurationMethod(ConfigInvoker.java:400)<br/>
					org.testng.internal.invokers.ConfigInvoker.invokeConfigurations(ConfigInvoker.java:333)<br/>
					org.testng.TestRunner.invokeTestConfigurations(TestRunner.java:655)<br/>
					org.testng.TestRunner.beforeRun(TestRunner.java:644)<br/>
					org.testng.TestRunner.run(TestRunner.java:610)<br/>
					org.testng.SuiteRunner.runTest(SuiteRunner.java:421)<br/>
					org.testng.SuiteRunner.runSequentially(SuiteRunner.java:413)<br/>
					org.testng.SuiteRunner.privateRun(SuiteRunner.java:373)<br/>
					org.testng.SuiteRunner.run(SuiteRunner.java:312)<br/>
					org.testng.SuiteRunnerWorker.runSuite(SuiteRunnerWorker.java:52)<br/>
					org.testng.SuiteRunnerWorker.run(SuiteRunnerWorker.java:95)<br/>
					org.testng.TestNG.runSuitesSequentially(TestNG.java:1274)<br/>
					org.testng.TestNG.runSuitesLocally(TestNG.java:1208)<br/>
					org.testng.TestNG.runSuites(TestNG.java:1112)<br/>
					org.testng.TestNG.run(TestNG.java:1079)<br/>
					org.testng.remote.AbstractRemoteTestNG.run(AbstractRemoteTestNG.java:115)<br/>
					org.testng.remote.RemoteTestNG.initAndRun(RemoteTestNG.java:293)<br/>
					org.testng.remote.RemoteTestNG.main(RemoteTestNG.java:91)<br/>
						</div>
		</td>
	</div>
</tr>
					<tr>
	<td class="time">1757943647530</td>
	<td class="header skipped" colspan="4" onClick="toggleElement('005a2593-3e4d-4d53-a2d6-93d86ad430cb','block');changeSingleIcon('span-005a2593-3e4d-4d53-a2d6-93d86ad430cb');" title="Click to expand/collapse" style="cursor: pointer;">
	<div style="float:left;"><i>Class&nbsp;:&nbsp;</i>test_case.Access_permissions</div>
	<div style="float:right;">@Test @ with DataProvider : [""] &nbsp;&nbsp;<span id='span-005a2593-3e4d-4d53-a2d6-93d86ad430cb' class="glyphicon glyphicon-menu-down"></span></div>
	</td>
	</tr>
<tr>
	<td class="time">1757943647530</td>
	<td class="methodTest">
		<span class="description"><b>Method: </b>Add_Group</span><br>
			<span class="description"><b>Description: </b></span><br>
				<span class="description"><b>Priority: </b><font color='blue'>1</font></span><br>
						<span class="duration"><b>Duration: </b>0.000s</span><br>
	</td>
	<td class="result">
		 									<div class="stackTrace" id="005a2593-3e4d-4d53-a2d6-93d86ad430cb" style="display: block;">
												Test Case Started : Add_Role<br>
									<a href="javascript:toggleElement('exception-005a2593-3e4d-4d53-a2d6-93d86ad430cb','block')" title="Click to expand/collapse"><b>java.io.FileNotFoundException: D:\Backup\Projects\rhb.comsrc\test\resources\Utilites\Test_Data.properties (The system cannot find the path specified)</b></a><br/>
		<div class="stackTrace" id="exception-005a2593-3e4d-4d53-a2d6-93d86ad430cb">
					java.base/java.io.FileInputStream.open0(Native Method)<br/>
					java.base/java.io.FileInputStream.open(FileInputStream.java:216)<br/>
					java.base/java.io.FileInputStream.&lt;init&gt;(FileInputStream.java:157)<br/>
					java.base/java.io.FileInputStream.&lt;init&gt;(FileInputStream.java:111)<br/>
					base.Base_Class.Launch_Browser(Base_Class.java:36)<br/>
					java.base/jdk.internal.reflect.NativeMethodAccessorImpl.invoke0(Native Method)<br/>
					java.base/jdk.internal.reflect.NativeMethodAccessorImpl.invoke(NativeMethodAccessorImpl.java:77)<br/>
					java.base/jdk.internal.reflect.DelegatingMethodAccessorImpl.invoke(DelegatingMethodAccessorImpl.java:43)<br/>
					java.base/java.lang.reflect.Method.invoke(Method.java:568)<br/>
					org.testng.internal.invokers.MethodInvocationHelper.invokeMethod(MethodInvocationHelper.java:141)<br/>
					org.testng.internal.invokers.MethodInvocationHelper.invokeMethodConsideringTimeout(MethodInvocationHelper.java:71)<br/>
					org.testng.internal.invokers.ConfigInvoker.invokeConfigurationMethod(ConfigInvoker.java:400)<br/>
					org.testng.internal.invokers.ConfigInvoker.invokeConfigurations(ConfigInvoker.java:333)<br/>
					org.testng.TestRunner.invokeTestConfigurations(TestRunner.java:655)<br/>
					org.testng.TestRunner.beforeRun(TestRunner.java:644)<br/>
					org.testng.TestRunner.run(TestRunner.java:610)<br/>
					org.testng.SuiteRunner.runTest(SuiteRunner.java:421)<br/>
					org.testng.SuiteRunner.runSequentially(SuiteRunner.java:413)<br/>
					org.testng.SuiteRunner.privateRun(SuiteRunner.java:373)<br/>
					org.testng.SuiteRunner.run(SuiteRunner.java:312)<br/>
					org.testng.SuiteRunnerWorker.runSuite(SuiteRunnerWorker.java:52)<br/>
					org.testng.SuiteRunnerWorker.run(SuiteRunnerWorker.java:95)<br/>
					org.testng.TestNG.runSuitesSequentially(TestNG.java:1274)<br/>
					org.testng.TestNG.runSuitesLocally(TestNG.java:1208)<br/>
					org.testng.TestNG.runSuites(TestNG.java:1112)<br/>
					org.testng.TestNG.run(TestNG.java:1079)<br/>
					org.testng.remote.AbstractRemoteTestNG.run(AbstractRemoteTestNG.java:115)<br/>
					org.testng.remote.RemoteTestNG.initAndRun(RemoteTestNG.java:293)<br/>
					org.testng.remote.RemoteTestNG.main(RemoteTestNG.java:91)<br/>
						</div>
		</td>
	</div>
</tr>
									<tr>
	<td class="time">1757943647312</td>
	<td class="header skipped" colspan="4" onClick="toggleElement('9fd67f53-91d0-46ed-af96-f98b7bccd738','block');changeSingleIcon('span-9fd67f53-91d0-46ed-af96-f98b7bccd738');" title="Click to expand/collapse" style="cursor: pointer;">
	<div style="float:left;"><i>Class&nbsp;:&nbsp;</i>test_case.Login</div>
	<div style="float:right;">@Test @ with DataProvider : ["LoginCredentials"] &nbsp;&nbsp;<span id='span-9fd67f53-91d0-46ed-af96-f98b7bccd738' class="glyphicon glyphicon-menu-down"></span></div>
	</td>
	</tr>
<tr>
	<td class="time">1757943647312</td>
	<td class="methodTest">
		<span class="description"><b>Method: </b>Login_Data</span><br>
			<span class="description"><b>Description: </b></span><br>
							<span class="duration"><b>Duration: </b>0.001s</span><br>
	</td>
	<td class="result">
		 								<i>Method arguments: </i><span class="arguments">"Approver", "User@123"</span><br>
				<div class="stackTrace" id="9fd67f53-91d0-46ed-af96-f98b7bccd738" style="display: block;">
												Test Case Started : logoutMainUser<br>
									<a href="javascript:toggleElement('exception-9fd67f53-91d0-46ed-af96-f98b7bccd738','block')" title="Click to expand/collapse"><b>java.io.FileNotFoundException: D:\Backup\Projects\rhb.comsrc\test\resources\Utilites\Test_Data.properties (The system cannot find the path specified)</b></a><br/>
		<div class="stackTrace" id="exception-9fd67f53-91d0-46ed-af96-f98b7bccd738">
					java.base/java.io.FileInputStream.open0(Native Method)<br/>
					java.base/java.io.FileInputStream.open(FileInputStream.java:216)<br/>
					java.base/java.io.FileInputStream.&lt;init&gt;(FileInputStream.java:157)<br/>
					java.base/java.io.FileInputStream.&lt;init&gt;(FileInputStream.java:111)<br/>
					base.Base_Class.Launch_Browser(Base_Class.java:36)<br/>
					java.base/jdk.internal.reflect.NativeMethodAccessorImpl.invoke0(Native Method)<br/>
					java.base/jdk.internal.reflect.NativeMethodAccessorImpl.invoke(NativeMethodAccessorImpl.java:77)<br/>
					java.base/jdk.internal.reflect.DelegatingMethodAccessorImpl.invoke(DelegatingMethodAccessorImpl.java:43)<br/>
					java.base/java.lang.reflect.Method.invoke(Method.java:568)<br/>
					org.testng.internal.invokers.MethodInvocationHelper.invokeMethod(MethodInvocationHelper.java:141)<br/>
					org.testng.internal.invokers.MethodInvocationHelper.invokeMethodConsideringTimeout(MethodInvocationHelper.java:71)<br/>
					org.testng.internal.invokers.ConfigInvoker.invokeConfigurationMethod(ConfigInvoker.java:400)<br/>
					org.testng.internal.invokers.ConfigInvoker.invokeConfigurations(ConfigInvoker.java:333)<br/>
					org.testng.TestRunner.invokeTestConfigurations(TestRunner.java:655)<br/>
					org.testng.TestRunner.beforeRun(TestRunner.java:644)<br/>
					org.testng.TestRunner.run(TestRunner.java:610)<br/>
					org.testng.SuiteRunner.runTest(SuiteRunner.java:421)<br/>
					org.testng.SuiteRunner.runSequentially(SuiteRunner.java:413)<br/>
					org.testng.SuiteRunner.privateRun(SuiteRunner.java:373)<br/>
					org.testng.SuiteRunner.run(SuiteRunner.java:312)<br/>
					org.testng.SuiteRunnerWorker.runSuite(SuiteRunnerWorker.java:52)<br/>
					org.testng.SuiteRunnerWorker.run(SuiteRunnerWorker.java:95)<br/>
					org.testng.TestNG.runSuitesSequentially(TestNG.java:1274)<br/>
					org.testng.TestNG.runSuitesLocally(TestNG.java:1208)<br/>
					org.testng.TestNG.runSuites(TestNG.java:1112)<br/>
					org.testng.TestNG.run(TestNG.java:1079)<br/>
					org.testng.remote.AbstractRemoteTestNG.run(AbstractRemoteTestNG.java:115)<br/>
					org.testng.remote.RemoteTestNG.initAndRun(RemoteTestNG.java:293)<br/>
					org.testng.remote.RemoteTestNG.main(RemoteTestNG.java:91)<br/>
						</div>
		</td>
	</div>
</tr>
									<tr>
	<td class="time">1757943647387</td>
	<td class="header skipped" colspan="4" onClick="toggleElement('e94dd76e-2b92-45f7-92f0-1fdf3ac362e1','block');changeSingleIcon('span-e94dd76e-2b92-45f7-92f0-1fdf3ac362e1');" title="Click to expand/collapse" style="cursor: pointer;">
	<div style="float:left;"><i>Class&nbsp;:&nbsp;</i>test_case.Login_Test_Data</div>
	<div style="float:right;">@Test @ with DataProvider : ["LoginCredentials"] &nbsp;&nbsp;<span id='span-e94dd76e-2b92-45f7-92f0-1fdf3ac362e1' class="glyphicon glyphicon-menu-down"></span></div>
	</td>
	</tr>
<tr>
	<td class="time">1757943647387</td>
	<td class="methodTest">
		<span class="description"><b>Method: </b>Login_Test</span><br>
			<span class="description"><b>Description: </b></span><br>
				<span class="description"><b>Priority: </b><font color='blue'>2</font></span><br>
						<span class="duration"><b>Duration: </b>0.000s</span><br>
	</td>
	<td class="result">
		 								<i>Method arguments: </i><span class="arguments">"Approver1", "User@123", "Invalid user name or password or Deactivated."</span><br>
				<div class="stackTrace" id="e94dd76e-2b92-45f7-92f0-1fdf3ac362e1" style="display: block;">
												Test Case Started : Login_Test<br>
									<a href="javascript:toggleElement('exception-e94dd76e-2b92-45f7-92f0-1fdf3ac362e1','block')" title="Click to expand/collapse"><b>java.io.FileNotFoundException: D:\Backup\Projects\rhb.comsrc\test\resources\Utilites\Test_Data.properties (The system cannot find the path specified)</b></a><br/>
		<div class="stackTrace" id="exception-e94dd76e-2b92-45f7-92f0-1fdf3ac362e1">
					java.base/java.io.FileInputStream.open0(Native Method)<br/>
					java.base/java.io.FileInputStream.open(FileInputStream.java:216)<br/>
					java.base/java.io.FileInputStream.&lt;init&gt;(FileInputStream.java:157)<br/>
					java.base/java.io.FileInputStream.&lt;init&gt;(FileInputStream.java:111)<br/>
					base.Base_Class.Launch_Browser(Base_Class.java:36)<br/>
					java.base/jdk.internal.reflect.NativeMethodAccessorImpl.invoke0(Native Method)<br/>
					java.base/jdk.internal.reflect.NativeMethodAccessorImpl.invoke(NativeMethodAccessorImpl.java:77)<br/>
					java.base/jdk.internal.reflect.DelegatingMethodAccessorImpl.invoke(DelegatingMethodAccessorImpl.java:43)<br/>
					java.base/java.lang.reflect.Method.invoke(Method.java:568)<br/>
					org.testng.internal.invokers.MethodInvocationHelper.invokeMethod(MethodInvocationHelper.java:141)<br/>
					org.testng.internal.invokers.MethodInvocationHelper.invokeMethodConsideringTimeout(MethodInvocationHelper.java:71)<br/>
					org.testng.internal.invokers.ConfigInvoker.invokeConfigurationMethod(ConfigInvoker.java:400)<br/>
					org.testng.internal.invokers.ConfigInvoker.invokeConfigurations(ConfigInvoker.java:333)<br/>
					org.testng.TestRunner.invokeTestConfigurations(TestRunner.java:655)<br/>
					org.testng.TestRunner.beforeRun(TestRunner.java:644)<br/>
					org.testng.TestRunner.run(TestRunner.java:610)<br/>
					org.testng.SuiteRunner.runTest(SuiteRunner.java:421)<br/>
					org.testng.SuiteRunner.runSequentially(SuiteRunner.java:413)<br/>
					org.testng.SuiteRunner.privateRun(SuiteRunner.java:373)<br/>
					org.testng.SuiteRunner.run(SuiteRunner.java:312)<br/>
					org.testng.SuiteRunnerWorker.runSuite(SuiteRunnerWorker.java:52)<br/>
					org.testng.SuiteRunnerWorker.run(SuiteRunnerWorker.java:95)<br/>
					org.testng.TestNG.runSuitesSequentially(TestNG.java:1274)<br/>
					org.testng.TestNG.runSuitesLocally(TestNG.java:1208)<br/>
					org.testng.TestNG.runSuites(TestNG.java:1112)<br/>
					org.testng.TestNG.run(TestNG.java:1079)<br/>
					org.testng.remote.AbstractRemoteTestNG.run(AbstractRemoteTestNG.java:115)<br/>
					org.testng.remote.RemoteTestNG.initAndRun(RemoteTestNG.java:293)<br/>
					org.testng.remote.RemoteTestNG.main(RemoteTestNG.java:91)<br/>
						</div>
		</td>
	</div>
</tr>
					<tr>
	<td class="time">1757943647510</td>
	<td class="header skipped" colspan="4" onClick="toggleElement('320af148-effe-4168-8c06-5c0b06e50229','block');changeSingleIcon('span-320af148-effe-4168-8c06-5c0b06e50229');" title="Click to expand/collapse" style="cursor: pointer;">
	<div style="float:left;"><i>Class&nbsp;:&nbsp;</i>test_case.Login_Test_Data</div>
	<div style="float:right;">@Test @ with DataProvider : ["LoginCredentials1"] &nbsp;&nbsp;<span id='span-320af148-effe-4168-8c06-5c0b06e50229' class="glyphicon glyphicon-menu-down"></span></div>
	</td>
	</tr>
<tr>
	<td class="time">1757943647510</td>
	<td class="methodTest">
		<span class="description"><b>Method: </b>MainUserLogin</span><br>
			<span class="description"><b>Description: </b></span><br>
				<span class="description"><b>Priority: </b><font color='blue'>52</font></span><br>
						<span class="duration"><b>Duration: </b>0.000s</span><br>
	</td>
	<td class="result">
		 								<i>Method arguments: </i><span class="arguments">"Approver", "User@123"</span><br>
				<div class="stackTrace" id="320af148-effe-4168-8c06-5c0b06e50229" style="display: block;">
												Test Case Started : Add_Group<br>
									<a href="javascript:toggleElement('exception-320af148-effe-4168-8c06-5c0b06e50229','block')" title="Click to expand/collapse"><b>java.io.FileNotFoundException: D:\Backup\Projects\rhb.comsrc\test\resources\Utilites\Test_Data.properties (The system cannot find the path specified)</b></a><br/>
		<div class="stackTrace" id="exception-320af148-effe-4168-8c06-5c0b06e50229">
					java.base/java.io.FileInputStream.open0(Native Method)<br/>
					java.base/java.io.FileInputStream.open(FileInputStream.java:216)<br/>
					java.base/java.io.FileInputStream.&lt;init&gt;(FileInputStream.java:157)<br/>
					java.base/java.io.FileInputStream.&lt;init&gt;(FileInputStream.java:111)<br/>
					base.Base_Class.Launch_Browser(Base_Class.java:36)<br/>
					java.base/jdk.internal.reflect.NativeMethodAccessorImpl.invoke0(Native Method)<br/>
					java.base/jdk.internal.reflect.NativeMethodAccessorImpl.invoke(NativeMethodAccessorImpl.java:77)<br/>
					java.base/jdk.internal.reflect.DelegatingMethodAccessorImpl.invoke(DelegatingMethodAccessorImpl.java:43)<br/>
					java.base/java.lang.reflect.Method.invoke(Method.java:568)<br/>
					org.testng.internal.invokers.MethodInvocationHelper.invokeMethod(MethodInvocationHelper.java:141)<br/>
					org.testng.internal.invokers.MethodInvocationHelper.invokeMethodConsideringTimeout(MethodInvocationHelper.java:71)<br/>
					org.testng.internal.invokers.ConfigInvoker.invokeConfigurationMethod(ConfigInvoker.java:400)<br/>
					org.testng.internal.invokers.ConfigInvoker.invokeConfigurations(ConfigInvoker.java:333)<br/>
					org.testng.TestRunner.invokeTestConfigurations(TestRunner.java:655)<br/>
					org.testng.TestRunner.beforeRun(TestRunner.java:644)<br/>
					org.testng.TestRunner.run(TestRunner.java:610)<br/>
					org.testng.SuiteRunner.runTest(SuiteRunner.java:421)<br/>
					org.testng.SuiteRunner.runSequentially(SuiteRunner.java:413)<br/>
					org.testng.SuiteRunner.privateRun(SuiteRunner.java:373)<br/>
					org.testng.SuiteRunner.run(SuiteRunner.java:312)<br/>
					org.testng.SuiteRunnerWorker.runSuite(SuiteRunnerWorker.java:52)<br/>
					org.testng.SuiteRunnerWorker.run(SuiteRunnerWorker.java:95)<br/>
					org.testng.TestNG.runSuitesSequentially(TestNG.java:1274)<br/>
					org.testng.TestNG.runSuitesLocally(TestNG.java:1208)<br/>
					org.testng.TestNG.runSuites(TestNG.java:1112)<br/>
					org.testng.TestNG.run(TestNG.java:1079)<br/>
					org.testng.remote.AbstractRemoteTestNG.run(AbstractRemoteTestNG.java:115)<br/>
					org.testng.remote.RemoteTestNG.initAndRun(RemoteTestNG.java:293)<br/>
					org.testng.remote.RemoteTestNG.main(RemoteTestNG.java:91)<br/>
						</div>
		</td>
	</div>
</tr>
					<tr>
	<td class="time">1757943647333</td>
	<td class="header skipped" colspan="4" onClick="toggleElement('08ca58ed-6ffd-46ff-939d-fb71fca272a4','block');changeSingleIcon('span-08ca58ed-6ffd-46ff-939d-fb71fca272a4');" title="Click to expand/collapse" style="cursor: pointer;">
	<div style="float:left;"><i>Class&nbsp;:&nbsp;</i>test_case.Login_Test_Data</div>
	<div style="float:right;">@Test @ with DataProvider : [""] &nbsp;&nbsp;<span id='span-08ca58ed-6ffd-46ff-939d-fb71fca272a4' class="glyphicon glyphicon-menu-down"></span></div>
	</td>
	</tr>
<tr>
	<td class="time">1757943647333</td>
	<td class="methodTest">
		<span class="description"><b>Method: </b>logoutMainUser</span><br>
			<span class="description"><b>Description: </b></span><br>
				<span class="description"><b>Priority: </b><font color='blue'>1</font></span><br>
						<span class="duration"><b>Duration: </b>0.000s</span><br>
	</td>
	<td class="result">
		 									<div class="stackTrace" id="08ca58ed-6ffd-46ff-939d-fb71fca272a4" style="display: block;">
												Test Case Started : Login_Test<br>
									<a href="javascript:toggleElement('exception-08ca58ed-6ffd-46ff-939d-fb71fca272a4','block')" title="Click to expand/collapse"><b>java.io.FileNotFoundException: D:\Backup\Projects\rhb.comsrc\test\resources\Utilites\Test_Data.properties (The system cannot find the path specified)</b></a><br/>
		<div class="stackTrace" id="exception-08ca58ed-6ffd-46ff-939d-fb71fca272a4">
					java.base/java.io.FileInputStream.open0(Native Method)<br/>
					java.base/java.io.FileInputStream.open(FileInputStream.java:216)<br/>
					java.base/java.io.FileInputStream.&lt;init&gt;(FileInputStream.java:157)<br/>
					java.base/java.io.FileInputStream.&lt;init&gt;(FileInputStream.java:111)<br/>
					base.Base_Class.Launch_Browser(Base_Class.java:36)<br/>
					java.base/jdk.internal.reflect.NativeMethodAccessorImpl.invoke0(Native Method)<br/>
					java.base/jdk.internal.reflect.NativeMethodAccessorImpl.invoke(NativeMethodAccessorImpl.java:77)<br/>
					java.base/jdk.internal.reflect.DelegatingMethodAccessorImpl.invoke(DelegatingMethodAccessorImpl.java:43)<br/>
					java.base/java.lang.reflect.Method.invoke(Method.java:568)<br/>
					org.testng.internal.invokers.MethodInvocationHelper.invokeMethod(MethodInvocationHelper.java:141)<br/>
					org.testng.internal.invokers.MethodInvocationHelper.invokeMethodConsideringTimeout(MethodInvocationHelper.java:71)<br/>
					org.testng.internal.invokers.ConfigInvoker.invokeConfigurationMethod(ConfigInvoker.java:400)<br/>
					org.testng.internal.invokers.ConfigInvoker.invokeConfigurations(ConfigInvoker.java:333)<br/>
					org.testng.TestRunner.invokeTestConfigurations(TestRunner.java:655)<br/>
					org.testng.TestRunner.beforeRun(TestRunner.java:644)<br/>
					org.testng.TestRunner.run(TestRunner.java:610)<br/>
					org.testng.SuiteRunner.runTest(SuiteRunner.java:421)<br/>
					org.testng.SuiteRunner.runSequentially(SuiteRunner.java:413)<br/>
					org.testng.SuiteRunner.privateRun(SuiteRunner.java:373)<br/>
					org.testng.SuiteRunner.run(SuiteRunner.java:312)<br/>
					org.testng.SuiteRunnerWorker.runSuite(SuiteRunnerWorker.java:52)<br/>
					org.testng.SuiteRunnerWorker.run(SuiteRunnerWorker.java:95)<br/>
					org.testng.TestNG.runSuitesSequentially(TestNG.java:1274)<br/>
					org.testng.TestNG.runSuitesLocally(TestNG.java:1208)<br/>
					org.testng.TestNG.runSuites(TestNG.java:1112)<br/>
					org.testng.TestNG.run(TestNG.java:1079)<br/>
					org.testng.remote.AbstractRemoteTestNG.run(AbstractRemoteTestNG.java:115)<br/>
					org.testng.remote.RemoteTestNG.initAndRun(RemoteTestNG.java:293)<br/>
					org.testng.remote.RemoteTestNG.main(RemoteTestNG.java:91)<br/>
						</div>
		</td>
	</div>
</tr>
					<tr>
	<td class="time">1757943647390</td>
	<td class="header skipped" colspan="4" onClick="toggleElement('eb7310f3-777e-48e3-9a66-27305d4cec71','block');changeSingleIcon('span-eb7310f3-777e-48e3-9a66-27305d4cec71');" title="Click to expand/collapse" style="cursor: pointer;">
	<div style="float:left;"><i>Class&nbsp;:&nbsp;</i>test_case.Login_Test_Data</div>
	<div style="float:right;">@Test @ with DataProvider : ["LoginCredentials"] &nbsp;&nbsp;<span id='span-eb7310f3-777e-48e3-9a66-27305d4cec71' class="glyphicon glyphicon-menu-down"></span></div>
	</td>
	</tr>
<tr>
	<td class="time">1757943647390</td>
	<td class="methodTest">
		<span class="description"><b>Method: </b>Login_Test</span><br>
			<span class="description"><b>Description: </b></span><br>
				<span class="description"><b>Priority: </b><font color='blue'>2</font></span><br>
						<span class="duration"><b>Duration: </b>0.000s</span><br>
	</td>
	<td class="result">
		 								<i>Method arguments: </i><span class="arguments">"Approver", "User@123", ""</span><br>
				<div class="stackTrace" id="eb7310f3-777e-48e3-9a66-27305d4cec71" style="display: block;">
												Test Case Started : Block_User<br>
									<a href="javascript:toggleElement('exception-eb7310f3-777e-48e3-9a66-27305d4cec71','block')" title="Click to expand/collapse"><b>java.io.FileNotFoundException: D:\Backup\Projects\rhb.comsrc\test\resources\Utilites\Test_Data.properties (The system cannot find the path specified)</b></a><br/>
		<div class="stackTrace" id="exception-eb7310f3-777e-48e3-9a66-27305d4cec71">
					java.base/java.io.FileInputStream.open0(Native Method)<br/>
					java.base/java.io.FileInputStream.open(FileInputStream.java:216)<br/>
					java.base/java.io.FileInputStream.&lt;init&gt;(FileInputStream.java:157)<br/>
					java.base/java.io.FileInputStream.&lt;init&gt;(FileInputStream.java:111)<br/>
					base.Base_Class.Launch_Browser(Base_Class.java:36)<br/>
					java.base/jdk.internal.reflect.NativeMethodAccessorImpl.invoke0(Native Method)<br/>
					java.base/jdk.internal.reflect.NativeMethodAccessorImpl.invoke(NativeMethodAccessorImpl.java:77)<br/>
					java.base/jdk.internal.reflect.DelegatingMethodAccessorImpl.invoke(DelegatingMethodAccessorImpl.java:43)<br/>
					java.base/java.lang.reflect.Method.invoke(Method.java:568)<br/>
					org.testng.internal.invokers.MethodInvocationHelper.invokeMethod(MethodInvocationHelper.java:141)<br/>
					org.testng.internal.invokers.MethodInvocationHelper.invokeMethodConsideringTimeout(MethodInvocationHelper.java:71)<br/>
					org.testng.internal.invokers.ConfigInvoker.invokeConfigurationMethod(ConfigInvoker.java:400)<br/>
					org.testng.internal.invokers.ConfigInvoker.invokeConfigurations(ConfigInvoker.java:333)<br/>
					org.testng.TestRunner.invokeTestConfigurations(TestRunner.java:655)<br/>
					org.testng.TestRunner.beforeRun(TestRunner.java:644)<br/>
					org.testng.TestRunner.run(TestRunner.java:610)<br/>
					org.testng.SuiteRunner.runTest(SuiteRunner.java:421)<br/>
					org.testng.SuiteRunner.runSequentially(SuiteRunner.java:413)<br/>
					org.testng.SuiteRunner.privateRun(SuiteRunner.java:373)<br/>
					org.testng.SuiteRunner.run(SuiteRunner.java:312)<br/>
					org.testng.SuiteRunnerWorker.runSuite(SuiteRunnerWorker.java:52)<br/>
					org.testng.SuiteRunnerWorker.run(SuiteRunnerWorker.java:95)<br/>
					org.testng.TestNG.runSuitesSequentially(TestNG.java:1274)<br/>
					org.testng.TestNG.runSuitesLocally(TestNG.java:1208)<br/>
					org.testng.TestNG.runSuites(TestNG.java:1112)<br/>
					org.testng.TestNG.run(TestNG.java:1079)<br/>
					org.testng.remote.AbstractRemoteTestNG.run(AbstractRemoteTestNG.java:115)<br/>
					org.testng.remote.RemoteTestNG.initAndRun(RemoteTestNG.java:293)<br/>
					org.testng.remote.RemoteTestNG.main(RemoteTestNG.java:91)<br/>
						</div>
		</td>
	</div>
</tr>
					<tr>
	<td class="time">1757943647454</td>
	<td class="header skipped" colspan="4" onClick="toggleElement('038c7b7f-290d-479a-8285-b35268ee0dc5','block');changeSingleIcon('span-038c7b7f-290d-479a-8285-b35268ee0dc5');" title="Click to expand/collapse" style="cursor: pointer;">
	<div style="float:left;"><i>Class&nbsp;:&nbsp;</i>test_case.Login_Test_Data</div>
	<div style="float:right;">@Test @ with DataProvider : ["BlockLoginCredentials"] &nbsp;&nbsp;<span id='span-038c7b7f-290d-479a-8285-b35268ee0dc5' class="glyphicon glyphicon-menu-down"></span></div>
	</td>
	</tr>
<tr>
	<td class="time">1757943647454</td>
	<td class="methodTest">
		<span class="description"><b>Method: </b>Block_User</span><br>
			<span class="description"><b>Description: </b></span><br>
				<span class="description"><b>Priority: </b><font color='blue'>3</font></span><br>
						<span class="duration"><b>Duration: </b>0.001s</span><br>
	</td>
	<td class="result">
		 								<i>Method arguments: </i><span class="arguments">"Check", "User12345", "Your account has been disabled due to maximum failed login attempts. Please contact System Administrator."</span><br>
				<div class="stackTrace" id="038c7b7f-290d-479a-8285-b35268ee0dc5" style="display: block;">
												Test Case Started : MainUserLogin<br>
									<a href="javascript:toggleElement('exception-038c7b7f-290d-479a-8285-b35268ee0dc5','block')" title="Click to expand/collapse"><b>java.io.FileNotFoundException: D:\Backup\Projects\rhb.comsrc\test\resources\Utilites\Test_Data.properties (The system cannot find the path specified)</b></a><br/>
		<div class="stackTrace" id="exception-038c7b7f-290d-479a-8285-b35268ee0dc5">
					java.base/java.io.FileInputStream.open0(Native Method)<br/>
					java.base/java.io.FileInputStream.open(FileInputStream.java:216)<br/>
					java.base/java.io.FileInputStream.&lt;init&gt;(FileInputStream.java:157)<br/>
					java.base/java.io.FileInputStream.&lt;init&gt;(FileInputStream.java:111)<br/>
					base.Base_Class.Launch_Browser(Base_Class.java:36)<br/>
					java.base/jdk.internal.reflect.NativeMethodAccessorImpl.invoke0(Native Method)<br/>
					java.base/jdk.internal.reflect.NativeMethodAccessorImpl.invoke(NativeMethodAccessorImpl.java:77)<br/>
					java.base/jdk.internal.reflect.DelegatingMethodAccessorImpl.invoke(DelegatingMethodAccessorImpl.java:43)<br/>
					java.base/java.lang.reflect.Method.invoke(Method.java:568)<br/>
					org.testng.internal.invokers.MethodInvocationHelper.invokeMethod(MethodInvocationHelper.java:141)<br/>
					org.testng.internal.invokers.MethodInvocationHelper.invokeMethodConsideringTimeout(MethodInvocationHelper.java:71)<br/>
					org.testng.internal.invokers.ConfigInvoker.invokeConfigurationMethod(ConfigInvoker.java:400)<br/>
					org.testng.internal.invokers.ConfigInvoker.invokeConfigurations(ConfigInvoker.java:333)<br/>
					org.testng.TestRunner.invokeTestConfigurations(TestRunner.java:655)<br/>
					org.testng.TestRunner.beforeRun(TestRunner.java:644)<br/>
					org.testng.TestRunner.run(TestRunner.java:610)<br/>
					org.testng.SuiteRunner.runTest(SuiteRunner.java:421)<br/>
					org.testng.SuiteRunner.runSequentially(SuiteRunner.java:413)<br/>
					org.testng.SuiteRunner.privateRun(SuiteRunner.java:373)<br/>
					org.testng.SuiteRunner.run(SuiteRunner.java:312)<br/>
					org.testng.SuiteRunnerWorker.runSuite(SuiteRunnerWorker.java:52)<br/>
					org.testng.SuiteRunnerWorker.run(SuiteRunnerWorker.java:95)<br/>
					org.testng.TestNG.runSuitesSequentially(TestNG.java:1274)<br/>
					org.testng.TestNG.runSuitesLocally(TestNG.java:1208)<br/>
					org.testng.TestNG.runSuites(TestNG.java:1112)<br/>
					org.testng.TestNG.run(TestNG.java:1079)<br/>
					org.testng.remote.AbstractRemoteTestNG.run(AbstractRemoteTestNG.java:115)<br/>
					org.testng.remote.RemoteTestNG.initAndRun(RemoteTestNG.java:293)<br/>
					org.testng.remote.RemoteTestNG.main(RemoteTestNG.java:91)<br/>
						</div>
		</td>
	</div>
</tr>
					<tr>
	<td class="time">1757943647446</td>
	<td class="header skipped" colspan="4" onClick="toggleElement('a53bd804-0445-4b5a-a7d9-fdd85f9843da','block');changeSingleIcon('span-a53bd804-0445-4b5a-a7d9-fdd85f9843da');" title="Click to expand/collapse" style="cursor: pointer;">
	<div style="float:left;"><i>Class&nbsp;:&nbsp;</i>test_case.Login_Test_Data</div>
	<div style="float:right;">@Test @ with DataProvider : ["BlockLoginCredentials"] &nbsp;&nbsp;<span id='span-a53bd804-0445-4b5a-a7d9-fdd85f9843da' class="glyphicon glyphicon-menu-down"></span></div>
	</td>
	</tr>
<tr>
	<td class="time">1757943647446</td>
	<td class="methodTest">
		<span class="description"><b>Method: </b>Block_User</span><br>
			<span class="description"><b>Description: </b></span><br>
				<span class="description"><b>Priority: </b><font color='blue'>3</font></span><br>
						<span class="duration"><b>Duration: </b>0.000s</span><br>
	</td>
	<td class="result">
		 								<i>Method arguments: </i><span class="arguments">"Check", "User123", "Invalid user name or password."</span><br>
				<div class="stackTrace" id="a53bd804-0445-4b5a-a7d9-fdd85f9843da" style="display: block;">
												Test Case Started : Block_User<br>
									<a href="javascript:toggleElement('exception-a53bd804-0445-4b5a-a7d9-fdd85f9843da','block')" title="Click to expand/collapse"><b>java.io.FileNotFoundException: D:\Backup\Projects\rhb.comsrc\test\resources\Utilites\Test_Data.properties (The system cannot find the path specified)</b></a><br/>
		<div class="stackTrace" id="exception-a53bd804-0445-4b5a-a7d9-fdd85f9843da">
					java.base/java.io.FileInputStream.open0(Native Method)<br/>
					java.base/java.io.FileInputStream.open(FileInputStream.java:216)<br/>
					java.base/java.io.FileInputStream.&lt;init&gt;(FileInputStream.java:157)<br/>
					java.base/java.io.FileInputStream.&lt;init&gt;(FileInputStream.java:111)<br/>
					base.Base_Class.Launch_Browser(Base_Class.java:36)<br/>
					java.base/jdk.internal.reflect.NativeMethodAccessorImpl.invoke0(Native Method)<br/>
					java.base/jdk.internal.reflect.NativeMethodAccessorImpl.invoke(NativeMethodAccessorImpl.java:77)<br/>
					java.base/jdk.internal.reflect.DelegatingMethodAccessorImpl.invoke(DelegatingMethodAccessorImpl.java:43)<br/>
					java.base/java.lang.reflect.Method.invoke(Method.java:568)<br/>
					org.testng.internal.invokers.MethodInvocationHelper.invokeMethod(MethodInvocationHelper.java:141)<br/>
					org.testng.internal.invokers.MethodInvocationHelper.invokeMethodConsideringTimeout(MethodInvocationHelper.java:71)<br/>
					org.testng.internal.invokers.ConfigInvoker.invokeConfigurationMethod(ConfigInvoker.java:400)<br/>
					org.testng.internal.invokers.ConfigInvoker.invokeConfigurations(ConfigInvoker.java:333)<br/>
					org.testng.TestRunner.invokeTestConfigurations(TestRunner.java:655)<br/>
					org.testng.TestRunner.beforeRun(TestRunner.java:644)<br/>
					org.testng.TestRunner.run(TestRunner.java:610)<br/>
					org.testng.SuiteRunner.runTest(SuiteRunner.java:421)<br/>
					org.testng.SuiteRunner.runSequentially(SuiteRunner.java:413)<br/>
					org.testng.SuiteRunner.privateRun(SuiteRunner.java:373)<br/>
					org.testng.SuiteRunner.run(SuiteRunner.java:312)<br/>
					org.testng.SuiteRunnerWorker.runSuite(SuiteRunnerWorker.java:52)<br/>
					org.testng.SuiteRunnerWorker.run(SuiteRunnerWorker.java:95)<br/>
					org.testng.TestNG.runSuitesSequentially(TestNG.java:1274)<br/>
					org.testng.TestNG.runSuitesLocally(TestNG.java:1208)<br/>
					org.testng.TestNG.runSuites(TestNG.java:1112)<br/>
					org.testng.TestNG.run(TestNG.java:1079)<br/>
					org.testng.remote.AbstractRemoteTestNG.run(AbstractRemoteTestNG.java:115)<br/>
					org.testng.remote.RemoteTestNG.initAndRun(RemoteTestNG.java:293)<br/>
					org.testng.remote.RemoteTestNG.main(RemoteTestNG.java:91)<br/>
						</div>
		</td>
	</div>
</tr>
					<tr>
	<td class="time">1757943647450</td>
	<td class="header skipped" colspan="4" onClick="toggleElement('f4977ae5-5906-4349-8285-cb6b1ce13152','block');changeSingleIcon('span-f4977ae5-5906-4349-8285-cb6b1ce13152');" title="Click to expand/collapse" style="cursor: pointer;">
	<div style="float:left;"><i>Class&nbsp;:&nbsp;</i>test_case.Login_Test_Data</div>
	<div style="float:right;">@Test @ with DataProvider : ["BlockLoginCredentials"] &nbsp;&nbsp;<span id='span-f4977ae5-5906-4349-8285-cb6b1ce13152' class="glyphicon glyphicon-menu-down"></span></div>
	</td>
	</tr>
<tr>
	<td class="time">1757943647450</td>
	<td class="methodTest">
		<span class="description"><b>Method: </b>Block_User</span><br>
			<span class="description"><b>Description: </b></span><br>
				<span class="description"><b>Priority: </b><font color='blue'>3</font></span><br>
						<span class="duration"><b>Duration: </b>0.000s</span><br>
	</td>
	<td class="result">
		 								<i>Method arguments: </i><span class="arguments">"Check", "User1234", "Invalid user name or password."</span><br>
				<div class="stackTrace" id="f4977ae5-5906-4349-8285-cb6b1ce13152" style="display: block;">
												Test Case Started : Block_User<br>
									<a href="javascript:toggleElement('exception-f4977ae5-5906-4349-8285-cb6b1ce13152','block')" title="Click to expand/collapse"><b>java.io.FileNotFoundException: D:\Backup\Projects\rhb.comsrc\test\resources\Utilites\Test_Data.properties (The system cannot find the path specified)</b></a><br/>
		<div class="stackTrace" id="exception-f4977ae5-5906-4349-8285-cb6b1ce13152">
					java.base/java.io.FileInputStream.open0(Native Method)<br/>
					java.base/java.io.FileInputStream.open(FileInputStream.java:216)<br/>
					java.base/java.io.FileInputStream.&lt;init&gt;(FileInputStream.java:157)<br/>
					java.base/java.io.FileInputStream.&lt;init&gt;(FileInputStream.java:111)<br/>
					base.Base_Class.Launch_Browser(Base_Class.java:36)<br/>
					java.base/jdk.internal.reflect.NativeMethodAccessorImpl.invoke0(Native Method)<br/>
					java.base/jdk.internal.reflect.NativeMethodAccessorImpl.invoke(NativeMethodAccessorImpl.java:77)<br/>
					java.base/jdk.internal.reflect.DelegatingMethodAccessorImpl.invoke(DelegatingMethodAccessorImpl.java:43)<br/>
					java.base/java.lang.reflect.Method.invoke(Method.java:568)<br/>
					org.testng.internal.invokers.MethodInvocationHelper.invokeMethod(MethodInvocationHelper.java:141)<br/>
					org.testng.internal.invokers.MethodInvocationHelper.invokeMethodConsideringTimeout(MethodInvocationHelper.java:71)<br/>
					org.testng.internal.invokers.ConfigInvoker.invokeConfigurationMethod(ConfigInvoker.java:400)<br/>
					org.testng.internal.invokers.ConfigInvoker.invokeConfigurations(ConfigInvoker.java:333)<br/>
					org.testng.TestRunner.invokeTestConfigurations(TestRunner.java:655)<br/>
					org.testng.TestRunner.beforeRun(TestRunner.java:644)<br/>
					org.testng.TestRunner.run(TestRunner.java:610)<br/>
					org.testng.SuiteRunner.runTest(SuiteRunner.java:421)<br/>
					org.testng.SuiteRunner.runSequentially(SuiteRunner.java:413)<br/>
					org.testng.SuiteRunner.privateRun(SuiteRunner.java:373)<br/>
					org.testng.SuiteRunner.run(SuiteRunner.java:312)<br/>
					org.testng.SuiteRunnerWorker.runSuite(SuiteRunnerWorker.java:52)<br/>
					org.testng.SuiteRunnerWorker.run(SuiteRunnerWorker.java:95)<br/>
					org.testng.TestNG.runSuitesSequentially(TestNG.java:1274)<br/>
					org.testng.TestNG.runSuitesLocally(TestNG.java:1208)<br/>
					org.testng.TestNG.runSuites(TestNG.java:1112)<br/>
					org.testng.TestNG.run(TestNG.java:1079)<br/>
					org.testng.remote.AbstractRemoteTestNG.run(AbstractRemoteTestNG.java:115)<br/>
					org.testng.remote.RemoteTestNG.initAndRun(RemoteTestNG.java:293)<br/>
					org.testng.remote.RemoteTestNG.main(RemoteTestNG.java:91)<br/>
						</div>
		</td>
	</div>
</tr>
					<tr>
	<td class="time">1757943647440</td>
	<td class="header skipped" colspan="4" onClick="toggleElement('e25ae40d-5986-493e-a930-e6c49da11e6d','block');changeSingleIcon('span-e25ae40d-5986-493e-a930-e6c49da11e6d');" title="Click to expand/collapse" style="cursor: pointer;">
	<div style="float:left;"><i>Class&nbsp;:&nbsp;</i>test_case.Login_Test_Data</div>
	<div style="float:right;">@Test @ with DataProvider : ["BlockLoginCredentials"] &nbsp;&nbsp;<span id='span-e25ae40d-5986-493e-a930-e6c49da11e6d' class="glyphicon glyphicon-menu-down"></span></div>
	</td>
	</tr>
<tr>
	<td class="time">1757943647440</td>
	<td class="methodTest">
		<span class="description"><b>Method: </b>Block_User</span><br>
			<span class="description"><b>Description: </b></span><br>
				<span class="description"><b>Priority: </b><font color='blue'>3</font></span><br>
						<span class="duration"><b>Duration: </b>0.000s</span><br>
	</td>
	<td class="result">
		 								<i>Method arguments: </i><span class="arguments">"Check", "User1234", "Invalid user name or password."</span><br>
				<div class="stackTrace" id="e25ae40d-5986-493e-a930-e6c49da11e6d" style="display: block;">
												Test Case Started : Block_User<br>
									<a href="javascript:toggleElement('exception-e25ae40d-5986-493e-a930-e6c49da11e6d','block')" title="Click to expand/collapse"><b>java.io.FileNotFoundException: D:\Backup\Projects\rhb.comsrc\test\resources\Utilites\Test_Data.properties (The system cannot find the path specified)</b></a><br/>
		<div class="stackTrace" id="exception-e25ae40d-5986-493e-a930-e6c49da11e6d">
					java.base/java.io.FileInputStream.open0(Native Method)<br/>
					java.base/java.io.FileInputStream.open(FileInputStream.java:216)<br/>
					java.base/java.io.FileInputStream.&lt;init&gt;(FileInputStream.java:157)<br/>
					java.base/java.io.FileInputStream.&lt;init&gt;(FileInputStream.java:111)<br/>
					base.Base_Class.Launch_Browser(Base_Class.java:36)<br/>
					java.base/jdk.internal.reflect.NativeMethodAccessorImpl.invoke0(Native Method)<br/>
					java.base/jdk.internal.reflect.NativeMethodAccessorImpl.invoke(NativeMethodAccessorImpl.java:77)<br/>
					java.base/jdk.internal.reflect.DelegatingMethodAccessorImpl.invoke(DelegatingMethodAccessorImpl.java:43)<br/>
					java.base/java.lang.reflect.Method.invoke(Method.java:568)<br/>
					org.testng.internal.invokers.MethodInvocationHelper.invokeMethod(MethodInvocationHelper.java:141)<br/>
					org.testng.internal.invokers.MethodInvocationHelper.invokeMethodConsideringTimeout(MethodInvocationHelper.java:71)<br/>
					org.testng.internal.invokers.ConfigInvoker.invokeConfigurationMethod(ConfigInvoker.java:400)<br/>
					org.testng.internal.invokers.ConfigInvoker.invokeConfigurations(ConfigInvoker.java:333)<br/>
					org.testng.TestRunner.invokeTestConfigurations(TestRunner.java:655)<br/>
					org.testng.TestRunner.beforeRun(TestRunner.java:644)<br/>
					org.testng.TestRunner.run(TestRunner.java:610)<br/>
					org.testng.SuiteRunner.runTest(SuiteRunner.java:421)<br/>
					org.testng.SuiteRunner.runSequentially(SuiteRunner.java:413)<br/>
					org.testng.SuiteRunner.privateRun(SuiteRunner.java:373)<br/>
					org.testng.SuiteRunner.run(SuiteRunner.java:312)<br/>
					org.testng.SuiteRunnerWorker.runSuite(SuiteRunnerWorker.java:52)<br/>
					org.testng.SuiteRunnerWorker.run(SuiteRunnerWorker.java:95)<br/>
					org.testng.TestNG.runSuitesSequentially(TestNG.java:1274)<br/>
					org.testng.TestNG.runSuitesLocally(TestNG.java:1208)<br/>
					org.testng.TestNG.runSuites(TestNG.java:1112)<br/>
					org.testng.TestNG.run(TestNG.java:1079)<br/>
					org.testng.remote.AbstractRemoteTestNG.run(AbstractRemoteTestNG.java:115)<br/>
					org.testng.remote.RemoteTestNG.initAndRun(RemoteTestNG.java:293)<br/>
					org.testng.remote.RemoteTestNG.main(RemoteTestNG.java:91)<br/>
						</div>
		</td>
	</div>
</tr>
					<tr>
	<td class="time">1757943647437</td>
	<td class="header skipped" colspan="4" onClick="toggleElement('a9ca1777-a8cb-440e-a683-a9a2bc0dc328','block');changeSingleIcon('span-a9ca1777-a8cb-440e-a683-a9a2bc0dc328');" title="Click to expand/collapse" style="cursor: pointer;">
	<div style="float:left;"><i>Class&nbsp;:&nbsp;</i>test_case.Login_Test_Data</div>
	<div style="float:right;">@Test @ with DataProvider : ["BlockLoginCredentials"] &nbsp;&nbsp;<span id='span-a9ca1777-a8cb-440e-a683-a9a2bc0dc328' class="glyphicon glyphicon-menu-down"></span></div>
	</td>
	</tr>
<tr>
	<td class="time">1757943647437</td>
	<td class="methodTest">
		<span class="description"><b>Method: </b>Block_User</span><br>
			<span class="description"><b>Description: </b></span><br>
				<span class="description"><b>Priority: </b><font color='blue'>3</font></span><br>
						<span class="duration"><b>Duration: </b>0.000s</span><br>
	</td>
	<td class="result">
		 								<i>Method arguments: </i><span class="arguments">"Check", "User123", "Invalid user name or password."</span><br>
				<div class="stackTrace" id="a9ca1777-a8cb-440e-a683-a9a2bc0dc328" style="display: block;">
												Test Case Started : Block_User<br>
									<a href="javascript:toggleElement('exception-a9ca1777-a8cb-440e-a683-a9a2bc0dc328','block')" title="Click to expand/collapse"><b>java.io.FileNotFoundException: D:\Backup\Projects\rhb.comsrc\test\resources\Utilites\Test_Data.properties (The system cannot find the path specified)</b></a><br/>
		<div class="stackTrace" id="exception-a9ca1777-a8cb-440e-a683-a9a2bc0dc328">
					java.base/java.io.FileInputStream.open0(Native Method)<br/>
					java.base/java.io.FileInputStream.open(FileInputStream.java:216)<br/>
					java.base/java.io.FileInputStream.&lt;init&gt;(FileInputStream.java:157)<br/>
					java.base/java.io.FileInputStream.&lt;init&gt;(FileInputStream.java:111)<br/>
					base.Base_Class.Launch_Browser(Base_Class.java:36)<br/>
					java.base/jdk.internal.reflect.NativeMethodAccessorImpl.invoke0(Native Method)<br/>
					java.base/jdk.internal.reflect.NativeMethodAccessorImpl.invoke(NativeMethodAccessorImpl.java:77)<br/>
					java.base/jdk.internal.reflect.DelegatingMethodAccessorImpl.invoke(DelegatingMethodAccessorImpl.java:43)<br/>
					java.base/java.lang.reflect.Method.invoke(Method.java:568)<br/>
					org.testng.internal.invokers.MethodInvocationHelper.invokeMethod(MethodInvocationHelper.java:141)<br/>
					org.testng.internal.invokers.MethodInvocationHelper.invokeMethodConsideringTimeout(MethodInvocationHelper.java:71)<br/>
					org.testng.internal.invokers.ConfigInvoker.invokeConfigurationMethod(ConfigInvoker.java:400)<br/>
					org.testng.internal.invokers.ConfigInvoker.invokeConfigurations(ConfigInvoker.java:333)<br/>
					org.testng.TestRunner.invokeTestConfigurations(TestRunner.java:655)<br/>
					org.testng.TestRunner.beforeRun(TestRunner.java:644)<br/>
					org.testng.TestRunner.run(TestRunner.java:610)<br/>
					org.testng.SuiteRunner.runTest(SuiteRunner.java:421)<br/>
					org.testng.SuiteRunner.runSequentially(SuiteRunner.java:413)<br/>
					org.testng.SuiteRunner.privateRun(SuiteRunner.java:373)<br/>
					org.testng.SuiteRunner.run(SuiteRunner.java:312)<br/>
					org.testng.SuiteRunnerWorker.runSuite(SuiteRunnerWorker.java:52)<br/>
					org.testng.SuiteRunnerWorker.run(SuiteRunnerWorker.java:95)<br/>
					org.testng.TestNG.runSuitesSequentially(TestNG.java:1274)<br/>
					org.testng.TestNG.runSuitesLocally(TestNG.java:1208)<br/>
					org.testng.TestNG.runSuites(TestNG.java:1112)<br/>
					org.testng.TestNG.run(TestNG.java:1079)<br/>
					org.testng.remote.AbstractRemoteTestNG.run(AbstractRemoteTestNG.java:115)<br/>
					org.testng.remote.RemoteTestNG.initAndRun(RemoteTestNG.java:293)<br/>
					org.testng.remote.RemoteTestNG.main(RemoteTestNG.java:91)<br/>
						</div>
		</td>
	</div>
</tr>
					<tr>
	<td class="time">1757943647443</td>
	<td class="header skipped" colspan="4" onClick="toggleElement('40b021c6-d9fc-4eae-b4d2-fa08e2597da8','block');changeSingleIcon('span-40b021c6-d9fc-4eae-b4d2-fa08e2597da8');" title="Click to expand/collapse" style="cursor: pointer;">
	<div style="float:left;"><i>Class&nbsp;:&nbsp;</i>test_case.Login_Test_Data</div>
	<div style="float:right;">@Test @ with DataProvider : ["BlockLoginCredentials"] &nbsp;&nbsp;<span id='span-40b021c6-d9fc-4eae-b4d2-fa08e2597da8' class="glyphicon glyphicon-menu-down"></span></div>
	</td>
	</tr>
<tr>
	<td class="time">1757943647443</td>
	<td class="methodTest">
		<span class="description"><b>Method: </b>Block_User</span><br>
			<span class="description"><b>Description: </b></span><br>
				<span class="description"><b>Priority: </b><font color='blue'>3</font></span><br>
						<span class="duration"><b>Duration: </b>0.000s</span><br>
	</td>
	<td class="result">
		 								<i>Method arguments: </i><span class="arguments">"Check", "User@123", ""</span><br>
				<div class="stackTrace" id="40b021c6-d9fc-4eae-b4d2-fa08e2597da8" style="display: block;">
												Test Case Started : Block_User<br>
									<a href="javascript:toggleElement('exception-40b021c6-d9fc-4eae-b4d2-fa08e2597da8','block')" title="Click to expand/collapse"><b>java.io.FileNotFoundException: D:\Backup\Projects\rhb.comsrc\test\resources\Utilites\Test_Data.properties (The system cannot find the path specified)</b></a><br/>
		<div class="stackTrace" id="exception-40b021c6-d9fc-4eae-b4d2-fa08e2597da8">
					java.base/java.io.FileInputStream.open0(Native Method)<br/>
					java.base/java.io.FileInputStream.open(FileInputStream.java:216)<br/>
					java.base/java.io.FileInputStream.&lt;init&gt;(FileInputStream.java:157)<br/>
					java.base/java.io.FileInputStream.&lt;init&gt;(FileInputStream.java:111)<br/>
					base.Base_Class.Launch_Browser(Base_Class.java:36)<br/>
					java.base/jdk.internal.reflect.NativeMethodAccessorImpl.invoke0(Native Method)<br/>
					java.base/jdk.internal.reflect.NativeMethodAccessorImpl.invoke(NativeMethodAccessorImpl.java:77)<br/>
					java.base/jdk.internal.reflect.DelegatingMethodAccessorImpl.invoke(DelegatingMethodAccessorImpl.java:43)<br/>
					java.base/java.lang.reflect.Method.invoke(Method.java:568)<br/>
					org.testng.internal.invokers.MethodInvocationHelper.invokeMethod(MethodInvocationHelper.java:141)<br/>
					org.testng.internal.invokers.MethodInvocationHelper.invokeMethodConsideringTimeout(MethodInvocationHelper.java:71)<br/>
					org.testng.internal.invokers.ConfigInvoker.invokeConfigurationMethod(ConfigInvoker.java:400)<br/>
					org.testng.internal.invokers.ConfigInvoker.invokeConfigurations(ConfigInvoker.java:333)<br/>
					org.testng.TestRunner.invokeTestConfigurations(TestRunner.java:655)<br/>
					org.testng.TestRunner.beforeRun(TestRunner.java:644)<br/>
					org.testng.TestRunner.run(TestRunner.java:610)<br/>
					org.testng.SuiteRunner.runTest(SuiteRunner.java:421)<br/>
					org.testng.SuiteRunner.runSequentially(SuiteRunner.java:413)<br/>
					org.testng.SuiteRunner.privateRun(SuiteRunner.java:373)<br/>
					org.testng.SuiteRunner.run(SuiteRunner.java:312)<br/>
					org.testng.SuiteRunnerWorker.runSuite(SuiteRunnerWorker.java:52)<br/>
					org.testng.SuiteRunnerWorker.run(SuiteRunnerWorker.java:95)<br/>
					org.testng.TestNG.runSuitesSequentially(TestNG.java:1274)<br/>
					org.testng.TestNG.runSuitesLocally(TestNG.java:1208)<br/>
					org.testng.TestNG.runSuites(TestNG.java:1112)<br/>
					org.testng.TestNG.run(TestNG.java:1079)<br/>
					org.testng.remote.AbstractRemoteTestNG.run(AbstractRemoteTestNG.java:115)<br/>
					org.testng.remote.RemoteTestNG.initAndRun(RemoteTestNG.java:293)<br/>
					org.testng.remote.RemoteTestNG.main(RemoteTestNG.java:91)<br/>
						</div>
		</td>
	</div>
</tr>
					<tr>
	<td class="time">1757943647385</td>
	<td class="header skipped" colspan="4" onClick="toggleElement('ea2f333c-a862-4715-80ae-dd9e07bcefcd','block');changeSingleIcon('span-ea2f333c-a862-4715-80ae-dd9e07bcefcd');" title="Click to expand/collapse" style="cursor: pointer;">
	<div style="float:left;"><i>Class&nbsp;:&nbsp;</i>test_case.Login_Test_Data</div>
	<div style="float:right;">@Test @ with DataProvider : ["LoginCredentials"] &nbsp;&nbsp;<span id='span-ea2f333c-a862-4715-80ae-dd9e07bcefcd' class="glyphicon glyphicon-menu-down"></span></div>
	</td>
	</tr>
<tr>
	<td class="time">1757943647385</td>
	<td class="methodTest">
		<span class="description"><b>Method: </b>Login_Test</span><br>
			<span class="description"><b>Description: </b></span><br>
				<span class="description"><b>Priority: </b><font color='blue'>2</font></span><br>
						<span class="duration"><b>Duration: </b>0.000s</span><br>
	</td>
	<td class="result">
		 								<i>Method arguments: </i><span class="arguments">"Approver", "User@1234", "Invalid user name or password."</span><br>
				<div class="stackTrace" id="ea2f333c-a862-4715-80ae-dd9e07bcefcd" style="display: block;">
												Test Case Started : Login_Test<br>
									<a href="javascript:toggleElement('exception-ea2f333c-a862-4715-80ae-dd9e07bcefcd','block')" title="Click to expand/collapse"><b>java.io.FileNotFoundException: D:\Backup\Projects\rhb.comsrc\test\resources\Utilites\Test_Data.properties (The system cannot find the path specified)</b></a><br/>
		<div class="stackTrace" id="exception-ea2f333c-a862-4715-80ae-dd9e07bcefcd">
					java.base/java.io.FileInputStream.open0(Native Method)<br/>
					java.base/java.io.FileInputStream.open(FileInputStream.java:216)<br/>
					java.base/java.io.FileInputStream.&lt;init&gt;(FileInputStream.java:157)<br/>
					java.base/java.io.FileInputStream.&lt;init&gt;(FileInputStream.java:111)<br/>
					base.Base_Class.Launch_Browser(Base_Class.java:36)<br/>
					java.base/jdk.internal.reflect.NativeMethodAccessorImpl.invoke0(Native Method)<br/>
					java.base/jdk.internal.reflect.NativeMethodAccessorImpl.invoke(NativeMethodAccessorImpl.java:77)<br/>
					java.base/jdk.internal.reflect.DelegatingMethodAccessorImpl.invoke(DelegatingMethodAccessorImpl.java:43)<br/>
					java.base/java.lang.reflect.Method.invoke(Method.java:568)<br/>
					org.testng.internal.invokers.MethodInvocationHelper.invokeMethod(MethodInvocationHelper.java:141)<br/>
					org.testng.internal.invokers.MethodInvocationHelper.invokeMethodConsideringTimeout(MethodInvocationHelper.java:71)<br/>
					org.testng.internal.invokers.ConfigInvoker.invokeConfigurationMethod(ConfigInvoker.java:400)<br/>
					org.testng.internal.invokers.ConfigInvoker.invokeConfigurations(ConfigInvoker.java:333)<br/>
					org.testng.TestRunner.invokeTestConfigurations(TestRunner.java:655)<br/>
					org.testng.TestRunner.beforeRun(TestRunner.java:644)<br/>
					org.testng.TestRunner.run(TestRunner.java:610)<br/>
					org.testng.SuiteRunner.runTest(SuiteRunner.java:421)<br/>
					org.testng.SuiteRunner.runSequentially(SuiteRunner.java:413)<br/>
					org.testng.SuiteRunner.privateRun(SuiteRunner.java:373)<br/>
					org.testng.SuiteRunner.run(SuiteRunner.java:312)<br/>
					org.testng.SuiteRunnerWorker.runSuite(SuiteRunnerWorker.java:52)<br/>
					org.testng.SuiteRunnerWorker.run(SuiteRunnerWorker.java:95)<br/>
					org.testng.TestNG.runSuitesSequentially(TestNG.java:1274)<br/>
					org.testng.TestNG.runSuitesLocally(TestNG.java:1208)<br/>
					org.testng.TestNG.runSuites(TestNG.java:1112)<br/>
					org.testng.TestNG.run(TestNG.java:1079)<br/>
					org.testng.remote.AbstractRemoteTestNG.run(AbstractRemoteTestNG.java:115)<br/>
					org.testng.remote.RemoteTestNG.initAndRun(RemoteTestNG.java:293)<br/>
					org.testng.remote.RemoteTestNG.main(RemoteTestNG.java:91)<br/>
						</div>
		</td>
	</div>
</tr>
					<tr>
	<td class="time">1757943647382</td>
	<td class="header skipped" colspan="4" onClick="toggleElement('dd344aa4-ad61-4e91-8911-4719d938f4cb','block');changeSingleIcon('span-dd344aa4-ad61-4e91-8911-4719d938f4cb');" title="Click to expand/collapse" style="cursor: pointer;">
	<div style="float:left;"><i>Class&nbsp;:&nbsp;</i>test_case.Login_Test_Data</div>
	<div style="float:right;">@Test @ with DataProvider : ["LoginCredentials"] &nbsp;&nbsp;<span id='span-dd344aa4-ad61-4e91-8911-4719d938f4cb' class="glyphicon glyphicon-menu-down"></span></div>
	</td>
	</tr>
<tr>
	<td class="time">1757943647382</td>
	<td class="methodTest">
		<span class="description"><b>Method: </b>Login_Test</span><br>
			<span class="description"><b>Description: </b></span><br>
				<span class="description"><b>Priority: </b><font color='blue'>2</font></span><br>
						<span class="duration"><b>Duration: </b>0.000s</span><br>
	</td>
	<td class="result">
		 								<i>Method arguments: </i><span class="arguments">"Approver1", "User@1234", "Invalid user name or password or Deactivated."</span><br>
				<div class="stackTrace" id="dd344aa4-ad61-4e91-8911-4719d938f4cb" style="display: block;">
												Test Case Started : Login_Test<br>
									<a href="javascript:toggleElement('exception-dd344aa4-ad61-4e91-8911-4719d938f4cb','block')" title="Click to expand/collapse"><b>java.io.FileNotFoundException: D:\Backup\Projects\rhb.comsrc\test\resources\Utilites\Test_Data.properties (The system cannot find the path specified)</b></a><br/>
		<div class="stackTrace" id="exception-dd344aa4-ad61-4e91-8911-4719d938f4cb">
					java.base/java.io.FileInputStream.open0(Native Method)<br/>
					java.base/java.io.FileInputStream.open(FileInputStream.java:216)<br/>
					java.base/java.io.FileInputStream.&lt;init&gt;(FileInputStream.java:157)<br/>
					java.base/java.io.FileInputStream.&lt;init&gt;(FileInputStream.java:111)<br/>
					base.Base_Class.Launch_Browser(Base_Class.java:36)<br/>
					java.base/jdk.internal.reflect.NativeMethodAccessorImpl.invoke0(Native Method)<br/>
					java.base/jdk.internal.reflect.NativeMethodAccessorImpl.invoke(NativeMethodAccessorImpl.java:77)<br/>
					java.base/jdk.internal.reflect.DelegatingMethodAccessorImpl.invoke(DelegatingMethodAccessorImpl.java:43)<br/>
					java.base/java.lang.reflect.Method.invoke(Method.java:568)<br/>
					org.testng.internal.invokers.MethodInvocationHelper.invokeMethod(MethodInvocationHelper.java:141)<br/>
					org.testng.internal.invokers.MethodInvocationHelper.invokeMethodConsideringTimeout(MethodInvocationHelper.java:71)<br/>
					org.testng.internal.invokers.ConfigInvoker.invokeConfigurationMethod(ConfigInvoker.java:400)<br/>
					org.testng.internal.invokers.ConfigInvoker.invokeConfigurations(ConfigInvoker.java:333)<br/>
					org.testng.TestRunner.invokeTestConfigurations(TestRunner.java:655)<br/>
					org.testng.TestRunner.beforeRun(TestRunner.java:644)<br/>
					org.testng.TestRunner.run(TestRunner.java:610)<br/>
					org.testng.SuiteRunner.runTest(SuiteRunner.java:421)<br/>
					org.testng.SuiteRunner.runSequentially(SuiteRunner.java:413)<br/>
					org.testng.SuiteRunner.privateRun(SuiteRunner.java:373)<br/>
					org.testng.SuiteRunner.run(SuiteRunner.java:312)<br/>
					org.testng.SuiteRunnerWorker.runSuite(SuiteRunnerWorker.java:52)<br/>
					org.testng.SuiteRunnerWorker.run(SuiteRunnerWorker.java:95)<br/>
					org.testng.TestNG.runSuitesSequentially(TestNG.java:1274)<br/>
					org.testng.TestNG.runSuitesLocally(TestNG.java:1208)<br/>
					org.testng.TestNG.runSuites(TestNG.java:1112)<br/>
					org.testng.TestNG.run(TestNG.java:1079)<br/>
					org.testng.remote.AbstractRemoteTestNG.run(AbstractRemoteTestNG.java:115)<br/>
					org.testng.remote.RemoteTestNG.initAndRun(RemoteTestNG.java:293)<br/>
					org.testng.remote.RemoteTestNG.main(RemoteTestNG.java:91)<br/>
						</div>
		</td>
	</div>
</tr>
						
			  
	</tbody>
	</table>
</div>
</body>
</html>
